#
# There is insufficient memory for the Java Runtime Environment to continue.
# Native memory allocation (mmap) failed to map 132120576 bytes for G1 virtual space
# Possible reasons:
#   The system is out of physical RAM or swap space
#   The process is running with CompressedOops enabled, and the Java Heap may be blocking the growth of the native heap
# Possible solutions:
#   Reduce memory load on the system
#   Increase physical memory or swap space
#   Check if swap backing store is full
#   Decrease Java heap size (-Xmx/-Xms)
#   Decrease number of Java threads
#   Decrease Java thread stack sizes (-Xss)
#   Set larger code cache with -XX:ReservedCodeCacheSize=
#   JVM is running with Unscaled Compressed Oops mode in which the Java heap is
#     placed in the first 4GB address space. The Java Heap base address is the
#     maximum limit for the native heap growth. Please use -XX:HeapBaseMinAddress
#     to set the Java Heap base and to place the Java Heap above 4GB virtual address.
# This output file may be truncated or incomplete.
#
#  Out of Memory Error (os_windows.cpp:3550), pid=10024, tid=21776
#
# JRE version:  (17.0.8+9) (build )
# Java VM: Java HotSpot(TM) 64-Bit Server VM (17.0.8+9-LTS-211, mixed mode, sharing, tiered, compressed oops, compressed class ptrs, g1 gc, windows-amd64)
# No core dump will be written. Minidumps are not enabled by default on client versions of Windows
#

---------------  S U M M A R Y ------------

Command Line: -Dmaven.multiModuleProjectDirectory=D:\APPLICATION\WEBTEH\OlineBankApp\OlineBankApp -Djansi.passthrough=true -Dmaven.home=C:\Program Files\JetBrains\IntelliJ IDEA 2023.1.2\plugins\maven\lib\maven3 -Dclassworlds.conf=C:\Program Files\JetBrains\IntelliJ IDEA 2023.1.2\plugins\maven\lib\maven3\bin\m2.conf -Dmaven.ext.class.path=C:\Program Files\JetBrains\IntelliJ IDEA 2023.1.2\plugins\maven\lib\maven-event-listener.jar -javaagent:C:\Program Files\JetBrains\IntelliJ IDEA 2023.1.2\lib\idea_rt.jar=51656:C:\Program Files\JetBrains\IntelliJ IDEA 2023.1.2\bin -Dfile.encoding=UTF-8 org.codehaus.classworlds.Launcher -Didea.version=2023.1.2 package

Host: Intel(R) Core(TM) i5-6300U CPU @ 2.40GHz, 4 cores, 7G,  Windows 11 , 64 bit Build 22000 (10.0.22000.318)
Time: Sat Dec 16 07:48:41 2023 Egypt Standard Time elapsed time: 0.072124 seconds (0d 0h 0m 0s)

---------------  T H R E A D  ---------------

Current thread (0x0000013d708e0ee0):  JavaThread "Unknown thread" [_thread_in_vm, id=21776, stack(0x00000018c0300000,0x00000018c0400000)]

Stack: [0x00000018c0300000,0x00000018c0400000]
Native frames: (J=compiled Java code, j=interpreted, Vv=VM code, C=native code)
V  [jvm.dll+0x677d0a]
V  [jvm.dll+0x7d8c54]
V  [jvm.dll+0x7da3fe]
V  [jvm.dll+0x7daa63]
V  [jvm.dll+0x245c5f]
V  [jvm.dll+0x674bb9]
V  [jvm.dll+0x6694f2]
V  [jvm.dll+0x3031d6]
V  [jvm.dll+0x30a756]
V  [jvm.dll+0x359f9e]
V  [jvm.dll+0x35a1cf]
V  [jvm.dll+0x2da3e8]
V  [jvm.dll+0x2db354]
V  [jvm.dll+0x7aa711]
V  [jvm.dll+0x367b51]
V  [jvm.dll+0x789979]
V  [jvm.dll+0x3eb05f]
V  [jvm.dll+0x3ecae1]
C  [jli.dll+0x5297]
C  [ucrtbase.dll+0x26c0c]
C  [KERNEL32.DLL+0x154e0]
C  [ntdll.dll+0x485b]


---------------  P R O C E S S  ---------------

Threads class SMR info:
_java_thread_list=0x00007ffda54459d8, length=0, elements={
}

Java Threads: ( => current thread )

Other Threads:
  0x0000013d70939500 GCTaskThread "GC Thread#0" [stack: 0x00000018c0400000,0x00000018c0500000] [id=13360]
  0x0000013d7094b640 ConcurrentGCThread "G1 Main Marker" [stack: 0x00000018c0500000,0x00000018c0600000] [id=18732]
  0x0000013d7094cf70 ConcurrentGCThread "G1 Conc#0" [stack: 0x00000018c0600000,0x00000018c0700000] [id=18544]

[error occurred during error reporting (printing all threads), id 0xc0000005, EXCEPTION_ACCESS_VIOLATION (0xc0000005) at pc=0x00007ffda4c7b047]

VM state: not at safepoint (not fully initialized)

VM Mutex/Monitor currently owned by a thread:  ([mutex/lock_event])
[0x0000013d708dc5c0] Heap_lock - owner thread: 0x0000013d708e0ee0

Heap address: 0x0000000082600000, size: 2010 MB, Compressed Oops mode: 32-bit

CDS archive(s) mapped at: [0x0000000000000000-0x0000000000000000-0x0000000000000000), size 0, SharedBaseAddress: 0x0000000800000000, ArchiveRelocationMode: 1.
Narrow klass base: 0x0000000000000000, Narrow klass shift: 0, Narrow klass range: 0x0

GC Precious Log:
<Empty>

Heap:
 garbage-first heap   total 0K, used 0K [0x0000000082600000, 0x0000000100000000)
  region size 1024K, 0 young (0K), 0 survivors (0K)

[error occurred during error reporting (printing heap information), id 0xc0000005, EXCEPTION_ACCESS_VIOLATION (0xc0000005) at pc=0x00007ffda5061499]

GC Heap History (0 events):
No events

Deoptimization events (0 events):
No events

Classes unloaded (0 events):
No events

Classes redefined (0 events):
No events

Internal exceptions (0 events):
No events

VM Operations (0 events):
No events

Events (1 events):
Event: 0.029 Loaded shared library C:\Program Files\Java\jdk-17\bin\java.dll


Dynamic libraries:
0x00007ff671db0000 - 0x00007ff671dc0000 	C:\Program Files\Java\jdk-17\bin\java.exe
0x00007ffe04220000 - 0x00007ffe04427000 	C:\WINDOWS\SYSTEM32\ntdll.dll
0x00007ffe03d80000 - 0x00007ffe03e3d000 	C:\WINDOWS\System32\KERNEL32.DLL
0x00007ffe01870000 - 0x00007ffe01be4000 	C:\WINDOWS\System32\KERNELBASE.dll
0x00007ffe01c20000 - 0x00007ffe01d31000 	C:\WINDOWS\System32\ucrtbase.dll
0x00007ffdea9b0000 - 0x00007ffdea9cb000 	C:\Program Files\Java\jdk-17\bin\VCRUNTIME140.dll
0x00007ffdeb220000 - 0x00007ffdeb239000 	C:\Program Files\Java\jdk-17\bin\jli.dll
0x00007ffe03b30000 - 0x00007ffe03bdc000 	C:\WINDOWS\System32\ADVAPI32.dll
0x00007ffe02260000 - 0x00007ffe02303000 	C:\WINDOWS\System32\msvcrt.dll
0x00007ffe032e0000 - 0x00007ffe0337d000 	C:\WINDOWS\System32\sechost.dll
0x00007ffe03e40000 - 0x00007ffe03f61000 	C:\WINDOWS\System32\RPCRT4.dll
0x00007ffe02d10000 - 0x00007ffe02ebc000 	C:\WINDOWS\System32\USER32.dll
0x00007ffde0be0000 - 0x00007ffde0e85000 	C:\WINDOWS\WinSxS\amd64_microsoft.windows.common-controls_6595b64144ccf1df_6.0.22000.120_none_9d947278b86cc467\COMCTL32.dll
0x00007ffe01bf0000 - 0x00007ffe01c16000 	C:\WINDOWS\System32\win32u.dll
0x00007ffe02760000 - 0x00007ffe02789000 	C:\WINDOWS\System32\GDI32.dll
0x00007ffe01ea0000 - 0x00007ffe01fb2000 	C:\WINDOWS\System32\gdi32full.dll
0x00007ffe01d40000 - 0x00007ffe01ddd000 	C:\WINDOWS\System32\msvcp_win.dll
0x00007ffdf5ab0000 - 0x00007ffdf5aba000 	C:\WINDOWS\SYSTEM32\VERSION.dll
0x00007ffe02720000 - 0x00007ffe02751000 	C:\WINDOWS\System32\IMM32.DLL
0x00007ffdeb2c0000 - 0x00007ffdeb2cc000 	C:\Program Files\Java\jdk-17\bin\vcruntime140_1.dll
0x00007ffdea920000 - 0x00007ffdea9ae000 	C:\Program Files\Java\jdk-17\bin\msvcp140.dll
0x00007ffda4990000 - 0x00007ffda556e000 	C:\Program Files\Java\jdk-17\bin\server\jvm.dll
0x00007ffe041d0000 - 0x00007ffe041d8000 	C:\WINDOWS\System32\PSAPI.DLL
0x00007ffde57f0000 - 0x00007ffde57f9000 	C:\WINDOWS\SYSTEM32\WSOCK32.dll
0x00007ffe031f0000 - 0x00007ffe0325f000 	C:\WINDOWS\System32\WS2_32.dll
0x00007ffdf7f60000 - 0x00007ffdf7f93000 	C:\WINDOWS\SYSTEM32\WINMM.dll
0x00007ffe00820000 - 0x00007ffe00838000 	C:\WINDOWS\SYSTEM32\kernel.appcore.dll
0x00007ffdeaff0000 - 0x00007ffdeaffa000 	C:\Program Files\Java\jdk-17\bin\jimage.dll
0x00007ffdff380000 - 0x00007ffdff5a1000 	C:\WINDOWS\SYSTEM32\DBGHELP.DLL
0x00007ffdea5b0000 - 0x00007ffdea5e1000 	C:\WINDOWS\SYSTEM32\dbgcore.DLL
0x00007ffe01fc0000 - 0x00007ffe02040000 	C:\WINDOWS\System32\bcryptPrimitives.dll
0x00007ffdef510000 - 0x00007ffdef51e000 	C:\Program Files\Java\jdk-17\bin\instrument.dll
0x00007ffdea8f0000 - 0x00007ffdea915000 	C:\Program Files\Java\jdk-17\bin\java.dll

dbghelp: loaded successfully - version: 4.0.5 - missing functions: none
symbol engine: initialized successfully - sym options: 0x614 - pdb path: .;C:\Program Files\Java\jdk-17\bin;C:\WINDOWS\SYSTEM32;C:\WINDOWS\WinSxS\amd64_microsoft.windows.common-controls_6595b64144ccf1df_6.0.22000.120_none_9d947278b86cc467;C:\Program Files\Java\jdk-17\bin\server

VM Arguments:
jvm_args: -Dmaven.multiModuleProjectDirectory=D:\APPLICATION\WEBTEH\OlineBankApp\OlineBankApp -Djansi.passthrough=true -Dmaven.home=C:\Program Files\JetBrains\IntelliJ IDEA 2023.1.2\plugins\maven\lib\maven3 -Dclassworlds.conf=C:\Program Files\JetBrains\IntelliJ IDEA 2023.1.2\plugins\maven\lib\maven3\bin\m2.conf -Dmaven.ext.class.path=C:\Program Files\JetBrains\IntelliJ IDEA 2023.1.2\plugins\maven\lib\maven-event-listener.jar -javaagent:C:\Program Files\JetBrains\IntelliJ IDEA 2023.1.2\lib\idea_rt.jar=51656:C:\Program Files\JetBrains\IntelliJ IDEA 2023.1.2\bin -Dfile.encoding=UTF-8 
java_command: org.codehaus.classworlds.Launcher -Didea.version=2023.1.2 package
java_class_path (initial): C:\Program Files\JetBrains\IntelliJ IDEA 2023.1.2\plugins\maven\lib\maven3\boot\plexus-classworlds-2.6.0.jar;C:\Program Files\JetBrains\IntelliJ IDEA 2023.1.2\plugins\maven\lib\maven3\boot\plexus-classworlds.license
Launcher Type: SUN_STANDARD

[Global flags]
     intx CICompilerCount                          = 3                                         {product} {ergonomic}
     uint ConcGCThreads                            = 1                                         {product} {ergonomic}
     uint G1ConcRefinementThreads                  = 4                                         {product} {ergonomic}
   size_t G1HeapRegionSize                         = 1048576                                   {product} {ergonomic}
    uintx GCDrainStackTargetSize                   = 64                                        {product} {ergonomic}
   size_t InitialHeapSize                          = 132120576                                 {product} {ergonomic}
   size_t MarkStackSize                            = 4194304                                   {product} {ergonomic}
   size_t MaxHeapSize                              = 2107637760                                {product} {ergonomic}
   size_t MinHeapDeltaBytes                        = 1048576                                   {product} {ergonomic}
   size_t MinHeapSize                              = 8388608                                   {product} {ergonomic}
    uintx NonNMethodCodeHeapSize                   = 5832780                                {pd product} {ergonomic}
    uintx NonProfiledCodeHeapSize                  = 122912730                              {pd product} {ergonomic}
    uintx ProfiledCodeHeapSize                     = 122912730                              {pd product} {ergonomic}
    uintx ReservedCodeCacheSize                    = 251658240                              {pd product} {ergonomic}
     bool SegmentedCodeCache                       = true                                      {product} {ergonomic}
   size_t SoftMaxHeapSize                          = 2107637760                             {manageable} {ergonomic}
     bool UseCompressedClassPointers               = true                           {product lp64_product} {ergonomic}
     bool UseCompressedOops                        = true                           {product lp64_product} {ergonomic}
     bool UseG1GC                                  = true                                      {product} {ergonomic}
     bool UseLargePagesIndividualAllocation        = false                                  {pd product} {ergonomic}

Logging:
Log output configuration:
 #0: stdout all=warning uptime,level,tags
 #1: stderr all=off uptime,level,tags

Environment Variables:
PATH=C:\oraclexe\app\oracle\product\11.2.0\server\bin;D:\Zipped\WINDOWS.X64_213000_db_home\bin;D:\Zipped\WINDOWS.X64_193000_db_home\bin;C:\Program Files\Common Files\Oracle\Java\javapath;C:\Program Files\Python311\Scripts\;C:\Program Files\Python311\;C:\WINDOWS\system32;C:\WINDOWS;C:\WINDOWS\System32\Wbem;C:\WINDOWS\System32\WindowsPowerShell\v1.0\;C:\WINDOWS\System32\OpenSSH\;C:\TDM-GCC-64\bin;C:\Program Files\Java\jdk-19\bin;C:\Program Files\dotnet\;C:\Users\jaboy\AppData\Local\Microsoft\WindowsApps;C:\Program Files\JetBrains\IntelliJ IDEA 2022.3\bin;;C:\Users\jaboy\AppData\Local\Programs\Microsoft VS Code\bin;C:\Users\jaboy\AppData\Local\GitHubDesktop\bin
USERNAME=jaboy
OS=Windows_NT
PROCESSOR_IDENTIFIER=Intel64 Family 6 Model 78 Stepping 3, GenuineIntel



---------------  S Y S T E M  ---------------

OS:
 Windows 11 , 64 bit Build 22000 (10.0.22000.318)
OS uptime: 2 days 0:27 hours

CPU: total 4 (initial active 4) (2 cores per cpu, 2 threads per core) family 6 model 78 stepping 3 microcode 0xd6, cx8, cmov, fxsr, ht, mmx, 3dnowpref, sse, sse2, sse3, ssse3, sse4.1, sse4.2, popcnt, lzcnt, tsc, tscinvbit, avx, avx2, aes, erms, clmul, bmi1, bmi2, rtm, adx, fma, vzeroupper, clflush, clflushopt

Memory: 4k page, system-wide physical 8039M (1603M free)
TotalPageFile size 10087M (AvailPageFile size 59M)
current process WorkingSet (physical memory assigned to process): 10M, peak: 10M
current process commit charge ("private bytes"): 51M, peak: 177M

vm_info: Java HotSpot(TM) 64-Bit Server VM (17.0.8+9-LTS-211) for windows-amd64 JRE (17.0.8+9-LTS-211), built on Jun 14 2023 10:34:31 by "mach5one" with MS VC++ 17.1 (VS2022)

END.
